<?xml version="1.0" encoding="UTF-8"?>
<robot generator="Robot 6.1.1 (Python 3.11.5 on win32)" generated="20231001 11:55:25.007" rpa="false" schemaversion="4">
<suite id="s1" name="Kabum Teste Gherkin Bdd" source="E:\BACKUPLUCAS\ProjetosLucas\Kabum\kabum_teste_gherkin_bdd.robot">
<test id="s1-t1" name="Caso de Teste 01 - Validar um usuário inválido senha ou e-mail incorretos" line="9">
<kw name="Abrir o navegador" library="kabum_resources" type="SETUP">
<kw name="Open Browser" library="SeleniumLibrary">
<arg>browser=chrome</arg>
<arg>options=add_experimental_option("detach", True)</arg>
<doc>Opens a new browser instance to the optional ``url``.</doc>
<msg timestamp="20231001 11:55:25.538" level="INFO">Opening browser 'chrome' to base url 'None'.</msg>
<status status="PASS" starttime="20231001 11:55:25.538" endtime="20231001 11:55:27.426"/>
</kw>
<kw name="Maximize Browser Window" library="SeleniumLibrary">
<doc>Maximizes current browser window.</doc>
<status status="PASS" starttime="20231001 11:55:27.426" endtime="20231001 11:55:27.550"/>
</kw>
<status status="PASS" starttime="20231001 11:55:25.538" endtime="20231001 11:55:27.551"/>
</kw>
<kw name="Dado que estou na home page da Kabum.com.br" library="kabum_resources">
<kw name="Acessar a home page do site Kabum.com.br" library="kabum_resources">
<kw name="Go To" library="SeleniumLibrary">
<arg>url=${URL}</arg>
<doc>Navigates the current browser window to the provided ``url``.</doc>
<msg timestamp="20231001 11:55:27.552" level="INFO">Opening url 'https://kabum.com.br'</msg>
<status status="PASS" starttime="20231001 11:55:27.551" endtime="20231001 11:55:32.084"/>
</kw>
<kw name="Title Should Be" library="SeleniumLibrary">
<arg>title=${TITULO}</arg>
<doc>Verifies that the current page title equals ``title``.</doc>
<msg timestamp="20231001 11:55:32.099" level="INFO">Page title is 'KaBuM! | Maior E-commerce de Tecnologia e Games da América Latina'.</msg>
<status status="PASS" starttime="20231001 11:55:32.084" endtime="20231001 11:55:32.100"/>
</kw>
<status status="PASS" starttime="20231001 11:55:27.551" endtime="20231001 11:55:32.100"/>
</kw>
<status status="PASS" starttime="20231001 11:55:27.551" endtime="20231001 11:55:32.100"/>
</kw>
<kw name="E clico no botão &quot;login&quot;" library="kabum_resources">
<kw name="Clicar no botão &quot;Login&quot;" library="kabum_resources">
<kw name="Click Element" library="SeleniumLibrary">
<arg>locator=${ELEMENTO_LOGIN}</arg>
<doc>Click the element identified by ``locator``.</doc>
<msg timestamp="20231001 11:55:32.101" level="INFO">Clicking element '//a[contains(.,'LOGIN')]'.</msg>
<status status="PASS" starttime="20231001 11:55:32.101" endtime="20231001 11:55:36.346"/>
</kw>
<status status="PASS" starttime="20231001 11:55:32.100" endtime="20231001 11:55:36.346"/>
</kw>
<status status="PASS" starttime="20231001 11:55:32.100" endtime="20231001 11:55:36.346"/>
</kw>
<kw name="E preencho os campos de login" library="kabum_resources">
<kw name="Preencher dados" library="kabum_resources">
<kw name="Input Text" library="SeleniumLibrary">
<arg>locator=login</arg>
<arg>text=lucas@hotmail.com</arg>
<doc>Types the given ``text`` into the text field identified by ``locator``.</doc>
<msg timestamp="20231001 11:55:36.348" level="INFO">Typing text 'lucas@hotmail.com' into text field 'login'.</msg>
<status status="PASS" starttime="20231001 11:55:36.347" endtime="20231001 11:55:36.532"/>
</kw>
<kw name="Input Text" library="SeleniumLibrary">
<arg>locator=password</arg>
<arg>text=123456</arg>
<doc>Types the given ``text`` into the text field identified by ``locator``.</doc>
<msg timestamp="20231001 11:55:36.533" level="INFO">Typing text '123456' into text field 'password'.</msg>
<status status="PASS" starttime="20231001 11:55:36.532" endtime="20231001 11:55:36.641"/>
</kw>
<status status="PASS" starttime="20231001 11:55:36.347" endtime="20231001 11:55:36.641"/>
</kw>
<status status="PASS" starttime="20231001 11:55:36.346" endtime="20231001 11:55:36.641"/>
</kw>
<kw name="Quando clicar no botão &quot;Entrar&quot;" library="kabum_resources">
<kw name="Clicar no botão &quot;Entrar&quot;" library="kabum_resources">
<kw name="Click Button" library="SeleniumLibrary">
<arg>locator=${BOTAO_ENTRAR}</arg>
<doc>Clicks the button identified by ``locator``.</doc>
<msg timestamp="20231001 11:55:36.642" level="INFO">Clicking button '//button[@type='submit'][contains(.,'ENTRAR')]'.</msg>
<status status="PASS" starttime="20231001 11:55:36.642" endtime="20231001 11:55:36.725"/>
</kw>
<status status="PASS" starttime="20231001 11:55:36.641" endtime="20231001 11:55:36.725"/>
</kw>
<status status="PASS" starttime="20231001 11:55:36.641" endtime="20231001 11:55:36.725"/>
</kw>
<kw name="Então o sistema deverá retornar a seguinte mensagem &quot;E-mail, CPF, CNPJ ou senha incorretos&quot;" library="kabum_resources">
<kw name="O sistema deverá retornar a seguinte mensagem &quot;E-mail, CPF, CNPJ ou senha incorretos&quot;" library="kabum_resources" sourcename="O sistema deverá retornar a seguinte mensagem &quot;${LOGIN_INVALIDO}&quot;">
<kw name="Wait Until Page Contains" library="SeleniumLibrary">
<arg>text=${LOGIN_INVALIDO}</arg>
<doc>Waits until ``text`` appears on the current page.</doc>
<status status="PASS" starttime="20231001 11:55:36.726" endtime="20231001 11:55:38.577"/>
</kw>
<status status="PASS" starttime="20231001 11:55:36.726" endtime="20231001 11:55:38.578"/>
</kw>
<status status="PASS" starttime="20231001 11:55:36.726" endtime="20231001 11:55:38.578"/>
</kw>
<doc>Esse teste verifica um usuário inválido no saite da Kabum.com.br</doc>
<tag>logins</tag>
<status status="PASS" starttime="20231001 11:55:25.537" endtime="20231001 11:55:38.578"/>
</test>
<doc>Essa suíte testa o site da Kabum.com.br</doc>
<status status="PASS" starttime="20231001 11:55:25.009" endtime="20231001 11:55:38.579"/>
</suite>
<statistics>
<total>
<stat pass="1" fail="0" skip="0">All Tests</stat>
</total>
<tag>
<stat pass="1" fail="0" skip="0">logins</stat>
</tag>
<suite>
<stat pass="1" fail="0" skip="0" id="s1" name="Kabum Teste Gherkin Bdd">Kabum Teste Gherkin Bdd</stat>
</suite>
</statistics>
<errors>
</errors>
</robot>
