<?xml version="1.0" encoding="UTF-8"?>
<robot generator="Robot 6.1.1 (Python 3.11.5 on win32)" generated="20231002 17:40:04.424" rpa="false" schemaversion="4">
<suite id="s1" name="Kabum Teste" source="E:\BACKUPLUCAS\ProjetosLucas\Kabum\kabum_teste.robot">
<test id="s1-t1" name="Caso de Teste 01 - Validar um usuário inválido senha ou e-mail incorretos" line="9">
<kw name="Abrir o navegador" library="kabum_resources" type="SETUP">
<kw name="Open Browser" library="SeleniumLibrary">
<arg>browser=chrome</arg>
<arg>options=add_experimental_option("detach", True)</arg>
<doc>Opens a new browser instance to the optional ``url``.</doc>
<msg timestamp="20231002 17:40:04.666" level="INFO">Opening browser 'chrome' to base url 'None'.</msg>
<status status="PASS" starttime="20231002 17:40:04.666" endtime="20231002 17:40:06.063"/>
</kw>
<kw name="Maximize Browser Window" library="SeleniumLibrary">
<doc>Maximizes current browser window.</doc>
<status status="PASS" starttime="20231002 17:40:06.064" endtime="20231002 17:40:06.180"/>
</kw>
<status status="PASS" starttime="20231002 17:40:04.666" endtime="20231002 17:40:06.180"/>
</kw>
<kw name="Acessar a home page do site Kabum.com.br" library="kabum_resources">
<kw name="Go To" library="SeleniumLibrary">
<arg>url=${URL}</arg>
<doc>Navigates the current browser window to the provided ``url``.</doc>
<msg timestamp="20231002 17:40:06.181" level="INFO">Opening url 'https://kabum.com.br'</msg>
<status status="PASS" starttime="20231002 17:40:06.181" endtime="20231002 17:40:09.490"/>
</kw>
<kw name="Title Should Be" library="SeleniumLibrary">
<arg>title=${TITULO}</arg>
<doc>Verifies that the current page title equals ``title``.</doc>
<msg timestamp="20231002 17:40:09.511" level="INFO">Page title is 'KaBuM! | Maior E-commerce de Tecnologia e Games da América Latina'.</msg>
<status status="PASS" starttime="20231002 17:40:09.490" endtime="20231002 17:40:09.512"/>
</kw>
<status status="PASS" starttime="20231002 17:40:06.181" endtime="20231002 17:40:09.512"/>
</kw>
<kw name="Clicar no botão &quot;Login&quot;" library="kabum_resources">
<kw name="Click Element" library="SeleniumLibrary">
<arg>locator=${ELEMENTO_LOGIN}</arg>
<doc>Click the element identified by ``locator``.</doc>
<msg timestamp="20231002 17:40:09.516" level="INFO">Clicking element '//a[contains(.,'LOGIN')]'.</msg>
<status status="PASS" starttime="20231002 17:40:09.513" endtime="20231002 17:40:12.358"/>
</kw>
<status status="PASS" starttime="20231002 17:40:09.512" endtime="20231002 17:40:12.358"/>
</kw>
<kw name="Preencher dados" library="kabum_resources">
<kw name="Input Text" library="SeleniumLibrary">
<arg>locator=login</arg>
<arg>text=lucas@hotmail.com</arg>
<doc>Types the given ``text`` into the text field identified by ``locator``.</doc>
<msg timestamp="20231002 17:40:12.360" level="INFO">Typing text 'lucas@hotmail.com' into text field 'login'.</msg>
<status status="PASS" starttime="20231002 17:40:12.360" endtime="20231002 17:40:12.600"/>
</kw>
<kw name="Input Text" library="SeleniumLibrary">
<arg>locator=password</arg>
<arg>text=123456</arg>
<doc>Types the given ``text`` into the text field identified by ``locator``.</doc>
<msg timestamp="20231002 17:40:12.601" level="INFO">Typing text '123456' into text field 'password'.</msg>
<status status="PASS" starttime="20231002 17:40:12.600" endtime="20231002 17:40:12.740"/>
</kw>
<status status="PASS" starttime="20231002 17:40:12.359" endtime="20231002 17:40:12.740"/>
</kw>
<kw name="Clicar no botão &quot;Entrar&quot;" library="kabum_resources">
<kw name="Click Button" library="SeleniumLibrary">
<arg>locator=${BOTAO_ENTRAR}</arg>
<doc>Clicks the button identified by ``locator``.</doc>
<msg timestamp="20231002 17:40:12.743" level="INFO">Clicking button '//button[@type='submit'][contains(.,'ENTRAR')]'.</msg>
<status status="PASS" starttime="20231002 17:40:12.742" endtime="20231002 17:40:12.853"/>
</kw>
<status status="PASS" starttime="20231002 17:40:12.742" endtime="20231002 17:40:12.853"/>
</kw>
<kw name="O sistema deverá retornar a seguinte mensagem &quot;E-mail, CPF, CNPJ ou senha incorretos&quot;" library="kabum_resources" sourcename="O sistema deverá retornar a seguinte mensagem &quot;${LOGIN_INVALIDO}&quot;">
<kw name="Wait Until Page Contains" library="SeleniumLibrary">
<arg>text=${LOGIN_INVALIDO}</arg>
<doc>Waits until ``text`` appears on the current page.</doc>
<status status="PASS" starttime="20231002 17:40:12.854" endtime="20231002 17:40:14.661"/>
</kw>
<status status="PASS" starttime="20231002 17:40:12.853" endtime="20231002 17:40:14.661"/>
</kw>
<kw name="Fechar o navegador" library="kabum_resources" type="TEARDOWN">
<kw name="Close Browser" library="SeleniumLibrary">
<doc>Closes the current browser.</doc>
<status status="PASS" starttime="20231002 17:40:14.662" endtime="20231002 17:40:17.105"/>
</kw>
<status status="PASS" starttime="20231002 17:40:14.662" endtime="20231002 17:40:17.105"/>
</kw>
<doc>Esse teste verifica um usuário inválido no saite da Kabum.com.br</doc>
<tag>logins</tag>
<status status="PASS" starttime="20231002 17:40:04.664" endtime="20231002 17:40:17.106"/>
</test>
<test id="s1-t2" name="Caso de Teste 02 - Fazer a busca de produto" line="18">
<kw name="Abrir o navegador" library="kabum_resources" type="SETUP">
<kw name="Open Browser" library="SeleniumLibrary">
<arg>browser=chrome</arg>
<arg>options=add_experimental_option("detach", True)</arg>
<doc>Opens a new browser instance to the optional ``url``.</doc>
<msg timestamp="20231002 17:40:17.108" level="INFO">Opening browser 'chrome' to base url 'None'.</msg>
<status status="PASS" starttime="20231002 17:40:17.107" endtime="20231002 17:40:18.592"/>
</kw>
<kw name="Maximize Browser Window" library="SeleniumLibrary">
<doc>Maximizes current browser window.</doc>
<status status="PASS" starttime="20231002 17:40:18.592" endtime="20231002 17:40:18.713"/>
</kw>
<status status="PASS" starttime="20231002 17:40:17.107" endtime="20231002 17:40:18.713"/>
</kw>
<kw name="Acessar a home page do site Kabum.com.br" library="kabum_resources">
<kw name="Go To" library="SeleniumLibrary">
<arg>url=${URL}</arg>
<doc>Navigates the current browser window to the provided ``url``.</doc>
<msg timestamp="20231002 17:40:18.714" level="INFO">Opening url 'https://kabum.com.br'</msg>
<status status="PASS" starttime="20231002 17:40:18.714" endtime="20231002 17:40:25.559"/>
</kw>
<kw name="Title Should Be" library="SeleniumLibrary">
<arg>title=${TITULO}</arg>
<doc>Verifies that the current page title equals ``title``.</doc>
<msg timestamp="20231002 17:40:25.589" level="INFO">Page title is 'KaBuM! | Maior E-commerce de Tecnologia e Games da América Latina'.</msg>
<status status="PASS" starttime="20231002 17:40:25.559" endtime="20231002 17:40:25.589"/>
</kw>
<status status="PASS" starttime="20231002 17:40:18.714" endtime="20231002 17:40:25.589"/>
</kw>
<kw name="Digitar o nome &quot;Iphone&quot; no campo de pesquisa" library="kabum_resources" sourcename="Digitar o nome &quot;${PRODUTO_PESQUISADO}&quot; no campo de pesquisa">
<kw name="Input Text" library="SeleniumLibrary">
<arg>locator=input-busca</arg>
<arg>text=${PRODUTO_PESQUISADO}</arg>
<doc>Types the given ``text`` into the text field identified by ``locator``.</doc>
<msg timestamp="20231002 17:40:25.590" level="INFO">Typing text 'Iphone' into text field 'input-busca'.</msg>
<status status="PASS" starttime="20231002 17:40:25.590" endtime="20231002 17:40:25.837"/>
</kw>
<status status="PASS" starttime="20231002 17:40:25.589" endtime="20231002 17:40:25.838"/>
</kw>
<kw name="Clicar no botão de pesquisa" library="kabum_resources">
<kw name="Click Element" library="SeleniumLibrary">
<arg>locator=${BOTAO_PESQUISA}</arg>
<doc>Click the element identified by ``locator``.</doc>
<msg timestamp="20231002 17:40:25.839" level="INFO">Clicking element '//button[contains(@aria-label,'Buscar')]'.</msg>
<status status="PASS" starttime="20231002 17:40:25.839" endtime="20231002 17:40:29.780"/>
</kw>
<status status="PASS" starttime="20231002 17:40:25.838" endtime="20231002 17:40:29.780"/>
</kw>
<kw name="Verificar o resultado da pesquisa, listando o produto pesquisado" library="kabum_resources">
<kw name="Wait Until Element Is Visible" library="SeleniumLibrary">
<arg>locator=${RESULTADO_PESQUISA}</arg>
<doc>Waits until the element ``locator`` is visible.</doc>
<status status="PASS" starttime="20231002 17:40:29.781" endtime="20231002 17:40:29.841"/>
</kw>
<status status="PASS" starttime="20231002 17:40:29.781" endtime="20231002 17:40:29.841"/>
</kw>
<kw name="Fechar o navegador" library="kabum_resources" type="TEARDOWN">
<kw name="Close Browser" library="SeleniumLibrary">
<doc>Closes the current browser.</doc>
<status status="PASS" starttime="20231002 17:40:29.842" endtime="20231002 17:40:32.125"/>
</kw>
<status status="PASS" starttime="20231002 17:40:29.842" endtime="20231002 17:40:32.125"/>
</kw>
<doc>Esse teste efetua a busca de um produto e verifica o resultado da busca</doc>
<tag>busca_produtos categorias</tag>
<status status="PASS" starttime="20231002 17:40:17.106" endtime="20231002 17:40:32.126"/>
</test>
<test id="s1-t3" name="Caso de Teste 03 - Adicionar um produto de categoria ao carrinho atalho &quot;Carrinho&quot;" line="26">
<kw name="Abrir o navegador" library="kabum_resources" type="SETUP">
<kw name="Open Browser" library="SeleniumLibrary">
<arg>browser=chrome</arg>
<arg>options=add_experimental_option("detach", True)</arg>
<doc>Opens a new browser instance to the optional ``url``.</doc>
<msg timestamp="20231002 17:40:32.128" level="INFO">Opening browser 'chrome' to base url 'None'.</msg>
<status status="PASS" starttime="20231002 17:40:32.128" endtime="20231002 17:40:33.194"/>
</kw>
<kw name="Maximize Browser Window" library="SeleniumLibrary">
<doc>Maximizes current browser window.</doc>
<status status="PASS" starttime="20231002 17:40:33.194" endtime="20231002 17:40:33.329"/>
</kw>
<status status="PASS" starttime="20231002 17:40:32.127" endtime="20231002 17:40:33.329"/>
</kw>
<kw name="Acessar a home page do site Kabum.com.br" library="kabum_resources">
<kw name="Go To" library="SeleniumLibrary">
<arg>url=${URL}</arg>
<doc>Navigates the current browser window to the provided ``url``.</doc>
<msg timestamp="20231002 17:40:33.330" level="INFO">Opening url 'https://kabum.com.br'</msg>
<status status="PASS" starttime="20231002 17:40:33.330" endtime="20231002 17:40:36.803"/>
</kw>
<kw name="Title Should Be" library="SeleniumLibrary">
<arg>title=${TITULO}</arg>
<doc>Verifies that the current page title equals ``title``.</doc>
<msg timestamp="20231002 17:40:36.827" level="INFO">Page title is 'KaBuM! | Maior E-commerce de Tecnologia e Games da América Latina'.</msg>
<status status="PASS" starttime="20231002 17:40:36.803" endtime="20231002 17:40:36.827"/>
</kw>
<status status="PASS" starttime="20231002 17:40:33.329" endtime="20231002 17:40:36.827"/>
</kw>
<kw name="Entrar no menu Departamentos &gt; Hardware &gt; Coolers &gt; Acessórios para Cooler" library="kabum_resources">
<kw name="Mouse Over" library="SeleniumLibrary">
<arg>locator=${MENU_DEPARTAMENTOS}</arg>
<doc>Simulates hovering the mouse over the element ``locator``.</doc>
<msg timestamp="20231002 17:40:36.828" level="INFO">Simulating Mouse Over on element '//span[contains(.,'DEPARTAMENTOS')]'.</msg>
<status status="PASS" starttime="20231002 17:40:36.827" endtime="20231002 17:40:37.194"/>
</kw>
<kw name="Wait Until Element Is Visible" library="SeleniumLibrary">
<arg>locator=${SUBCATEGORIA_HARDWARE}</arg>
<doc>Waits until the element ``locator`` is visible.</doc>
<status status="PASS" starttime="20231002 17:40:37.194" endtime="20231002 17:40:37.225"/>
</kw>
<kw name="Mouse Over" library="SeleniumLibrary">
<arg>locator=${SUBCATEGORIA_HARDWARE}</arg>
<doc>Simulates hovering the mouse over the element ``locator``.</doc>
<msg timestamp="20231002 17:40:37.226" level="INFO">Simulating Mouse Over on element '//a[@href='https://www.kabum.com.br/hardware']'.</msg>
<status status="PASS" starttime="20231002 17:40:37.226" endtime="20231002 17:40:37.522"/>
</kw>
<kw name="Wait Until Element Is Visible" library="SeleniumLibrary">
<arg>locator=${SUBCATEGORIA_COOLERS}</arg>
<doc>Waits until the element ``locator`` is visible.</doc>
<status status="PASS" starttime="20231002 17:40:37.522" endtime="20231002 17:40:37.626"/>
</kw>
<kw name="Mouse Over" library="SeleniumLibrary">
<arg>locator=${SUBCATEGORIA_COOLERS}</arg>
<doc>Simulates hovering the mouse over the element ``locator``.</doc>
<msg timestamp="20231002 17:40:37.627" level="INFO">Simulating Mouse Over on element '//a[@href='https://www.kabum.com.br/hardware/coolers']'.</msg>
<status status="PASS" starttime="20231002 17:40:37.626" endtime="20231002 17:40:37.940"/>
</kw>
<kw name="Wait Until Element Is Visible" library="SeleniumLibrary">
<arg>locator=${SUBCATEGORIA_ACESSO_COOLERS}</arg>
<doc>Waits until the element ``locator`` is visible.</doc>
<status status="PASS" starttime="20231002 17:40:37.940" endtime="20231002 17:40:37.996"/>
</kw>
<kw name="Click Element" library="SeleniumLibrary">
<arg>locator=${SUBCATEGORIA_ACESSO_COOLERS}</arg>
<doc>Click the element identified by ``locator``.</doc>
<msg timestamp="20231002 17:40:37.997" level="INFO">Clicking element '//a[@href='https://www.kabum.com.br/hardware/coolers/acessorios-para-cooler']'.</msg>
<status status="PASS" starttime="20231002 17:40:37.997" endtime="20231002 17:40:40.019"/>
</kw>
<status status="PASS" starttime="20231002 17:40:36.827" endtime="20231002 17:40:40.019"/>
</kw>
<kw name="Adicionar produto no carrinho usando botao atalho &quot;Carrinho&quot;" library="kabum_resources">
<kw name="Execute Javascript" library="SeleniumLibrary">
<arg>window.scroll(0,700)</arg>
<doc>Executes the given JavaScript code with possible arguments.</doc>
<msg timestamp="20231002 17:40:40.023" level="INFO">Executing JavaScript:
window.scroll(0,700)
Without any arguments.</msg>
<status status="PASS" starttime="20231002 17:40:40.021" endtime="20231002 17:40:40.037"/>
</kw>
<kw name="Mouse Over" library="SeleniumLibrary">
<arg>locator=${MOUSE}</arg>
<doc>Simulates hovering the mouse over the element ``locator``.</doc>
<msg timestamp="20231002 17:40:40.038" level="INFO">Simulating Mouse Over on element '//img[contains(@title,'Controlador De Fan Bcf-03 Bluecase - Box Com Controle Remoto')]'.</msg>
<status status="PASS" starttime="20231002 17:40:40.038" endtime="20231002 17:40:40.401"/>
</kw>
<kw name="Sleep" library="BuiltIn">
<arg>1s</arg>
<doc>Pauses the test executed for the given time.</doc>
<msg timestamp="20231002 17:40:41.402" level="INFO">Slept 1 second</msg>
<status status="PASS" starttime="20231002 17:40:40.401" endtime="20231002 17:40:41.402"/>
</kw>
<kw name="Wait Until Element Is Visible" library="SeleniumLibrary">
<arg>locator=${BOTAO_CARRINHO}</arg>
<doc>Waits until the element ``locator`` is visible.</doc>
<status status="PASS" starttime="20231002 17:40:41.402" endtime="20231002 17:40:41.424"/>
</kw>
<kw name="Click Button" library="SeleniumLibrary">
<arg>locator=${BOTAO_CARRINHO}</arg>
<doc>Clicks the button identified by ``locator``.</doc>
<msg timestamp="20231002 17:40:41.425" level="INFO">Clicking button '//a[@data-smarthintproductid="183963"]//..//div//button[@class="sc-5b1e63c8-0 hneVTx"]'.</msg>
<status status="PASS" starttime="20231002 17:40:41.424" endtime="20231002 17:40:41.518"/>
</kw>
<status status="PASS" starttime="20231002 17:40:40.020" endtime="20231002 17:40:41.518"/>
</kw>
<kw name="Validar se o produto está no carrinho usando botao atalho &quot;Carrinho&quot;" library="kabum_resources">
<kw name="Wait Until Page Contains" library="SeleniumLibrary">
<arg>text=${TEXTO_CARRINHO}</arg>
<doc>Waits until ``text`` appears on the current page.</doc>
<status status="PASS" starttime="20231002 17:40:41.519" endtime="20231002 17:40:42.185"/>
</kw>
<status status="PASS" starttime="20231002 17:40:41.518" endtime="20231002 17:40:42.185"/>
</kw>
<kw name="Fechar o navegador" library="kabum_resources" type="TEARDOWN">
<kw name="Close Browser" library="SeleniumLibrary">
<doc>Closes the current browser.</doc>
<status status="PASS" starttime="20231002 17:40:42.185" endtime="20231002 17:40:44.537"/>
</kw>
<status status="PASS" starttime="20231002 17:40:42.185" endtime="20231002 17:40:44.537"/>
</kw>
<doc>Esse teste navega até a subcategoria Acessórios para Cooler
e adiciona um produto no carrinho através do botão de atalho Carrinho</doc>
<tag>adiciona_produto_carrinho</tag>
<status status="PASS" starttime="20231002 17:40:32.127" endtime="20231002 17:40:44.538"/>
</test>
<test id="s1-t4" name="Caso de Teste 04 - Adicionar um produto de categoria ao carrinho botão &quot;Comprar&quot;" line="35">
<kw name="Abrir o navegador" library="kabum_resources" type="SETUP">
<kw name="Open Browser" library="SeleniumLibrary">
<arg>browser=chrome</arg>
<arg>options=add_experimental_option("detach", True)</arg>
<doc>Opens a new browser instance to the optional ``url``.</doc>
<msg timestamp="20231002 17:40:44.540" level="INFO">Opening browser 'chrome' to base url 'None'.</msg>
<status status="PASS" starttime="20231002 17:40:44.540" endtime="20231002 17:40:45.612"/>
</kw>
<kw name="Maximize Browser Window" library="SeleniumLibrary">
<doc>Maximizes current browser window.</doc>
<status status="PASS" starttime="20231002 17:40:45.613" endtime="20231002 17:40:45.739"/>
</kw>
<status status="PASS" starttime="20231002 17:40:44.539" endtime="20231002 17:40:45.739"/>
</kw>
<kw name="Acessar a home page do site Kabum.com.br" library="kabum_resources">
<kw name="Go To" library="SeleniumLibrary">
<arg>url=${URL}</arg>
<doc>Navigates the current browser window to the provided ``url``.</doc>
<msg timestamp="20231002 17:40:45.740" level="INFO">Opening url 'https://kabum.com.br'</msg>
<status status="PASS" starttime="20231002 17:40:45.740" endtime="20231002 17:40:50.735"/>
</kw>
<kw name="Title Should Be" library="SeleniumLibrary">
<arg>title=${TITULO}</arg>
<doc>Verifies that the current page title equals ``title``.</doc>
<msg timestamp="20231002 17:40:50.745" level="INFO">Page title is 'KaBuM! | Maior E-commerce de Tecnologia e Games da América Latina'.</msg>
<status status="PASS" starttime="20231002 17:40:50.735" endtime="20231002 17:40:50.746"/>
</kw>
<status status="PASS" starttime="20231002 17:40:45.739" endtime="20231002 17:40:50.746"/>
</kw>
<kw name="Entrar no menu Departamentos &gt; Hardware &gt; Coolers &gt; Acessórios para Cooler" library="kabum_resources">
<kw name="Mouse Over" library="SeleniumLibrary">
<arg>locator=${MENU_DEPARTAMENTOS}</arg>
<doc>Simulates hovering the mouse over the element ``locator``.</doc>
<msg timestamp="20231002 17:40:50.747" level="INFO">Simulating Mouse Over on element '//span[contains(.,'DEPARTAMENTOS')]'.</msg>
<status status="PASS" starttime="20231002 17:40:50.747" endtime="20231002 17:40:51.113"/>
</kw>
<kw name="Wait Until Element Is Visible" library="SeleniumLibrary">
<arg>locator=${SUBCATEGORIA_HARDWARE}</arg>
<doc>Waits until the element ``locator`` is visible.</doc>
<status status="PASS" starttime="20231002 17:40:51.114" endtime="20231002 17:40:51.161"/>
</kw>
<kw name="Mouse Over" library="SeleniumLibrary">
<arg>locator=${SUBCATEGORIA_HARDWARE}</arg>
<doc>Simulates hovering the mouse over the element ``locator``.</doc>
<msg timestamp="20231002 17:40:51.161" level="INFO">Simulating Mouse Over on element '//a[@href='https://www.kabum.com.br/hardware']'.</msg>
<status status="PASS" starttime="20231002 17:40:51.161" endtime="20231002 17:40:51.489"/>
</kw>
<kw name="Wait Until Element Is Visible" library="SeleniumLibrary">
<arg>locator=${SUBCATEGORIA_COOLERS}</arg>
<doc>Waits until the element ``locator`` is visible.</doc>
<status status="PASS" starttime="20231002 17:40:51.489" endtime="20231002 17:40:51.560"/>
</kw>
<kw name="Mouse Over" library="SeleniumLibrary">
<arg>locator=${SUBCATEGORIA_COOLERS}</arg>
<doc>Simulates hovering the mouse over the element ``locator``.</doc>
<msg timestamp="20231002 17:40:51.560" level="INFO">Simulating Mouse Over on element '//a[@href='https://www.kabum.com.br/hardware/coolers']'.</msg>
<status status="PASS" starttime="20231002 17:40:51.560" endtime="20231002 17:40:51.896"/>
</kw>
<kw name="Wait Until Element Is Visible" library="SeleniumLibrary">
<arg>locator=${SUBCATEGORIA_ACESSO_COOLERS}</arg>
<doc>Waits until the element ``locator`` is visible.</doc>
<status status="PASS" starttime="20231002 17:40:51.896" endtime="20231002 17:40:51.958"/>
</kw>
<kw name="Click Element" library="SeleniumLibrary">
<arg>locator=${SUBCATEGORIA_ACESSO_COOLERS}</arg>
<doc>Click the element identified by ``locator``.</doc>
<msg timestamp="20231002 17:40:51.958" level="INFO">Clicking element '//a[@href='https://www.kabum.com.br/hardware/coolers/acessorios-para-cooler']'.</msg>
<status status="PASS" starttime="20231002 17:40:51.958" endtime="20231002 17:40:53.945"/>
</kw>
<status status="PASS" starttime="20231002 17:40:50.746" endtime="20231002 17:40:53.945"/>
</kw>
<kw name="Adicionar produto no carrinho usando botao &quot;Comprar&quot;" library="kabum_resources">
<kw name="Execute Javascript" library="SeleniumLibrary">
<arg>window.scroll(0,700)</arg>
<doc>Executes the given JavaScript code with possible arguments.</doc>
<msg timestamp="20231002 17:40:53.947" level="INFO">Executing JavaScript:
window.scroll(0,700)
Without any arguments.</msg>
<status status="PASS" starttime="20231002 17:40:53.946" endtime="20231002 17:40:53.954"/>
</kw>
<kw name="Sleep" library="BuiltIn">
<arg>1s</arg>
<doc>Pauses the test executed for the given time.</doc>
<msg timestamp="20231002 17:40:54.956" level="INFO">Slept 1 second</msg>
<status status="PASS" starttime="20231002 17:40:53.956" endtime="20231002 17:40:54.956"/>
</kw>
<kw name="Wait Until Element Is Visible" library="SeleniumLibrary">
<arg>locator=${BOTAO_COMPRAR}</arg>
<doc>Waits until the element ``locator`` is visible.</doc>
<status status="PASS" starttime="20231002 17:40:54.957" endtime="20231002 17:40:54.984"/>
</kw>
<kw name="Click Element" library="SeleniumLibrary">
<arg>locator=${BOTAO_COMPRAR}</arg>
<doc>Click the element identified by ``locator``.</doc>
<msg timestamp="20231002 17:40:54.984" level="INFO">Clicking element '//a[@data-smarthintproductid="183963"]//..//div[@class="sc-6061e719-4 sc-6061e719-6 cvhwQf icTcdT availableFooterCard"]//button'.</msg>
<status status="PASS" starttime="20231002 17:40:54.984" endtime="20231002 17:40:55.158"/>
</kw>
<status status="PASS" starttime="20231002 17:40:53.945" endtime="20231002 17:40:55.158"/>
</kw>
<kw name="Validar se o produto está no carrinho usando botao &quot;Comprar&quot;" library="kabum_resources">
<kw name="Wait Until Page Contains" library="SeleniumLibrary">
<arg>text=${TEXTO_CARRINHO2}</arg>
<doc>Waits until ``text`` appears on the current page.</doc>
<status status="PASS" starttime="20231002 17:40:55.159" endtime="20231002 17:40:56.686"/>
</kw>
<status status="PASS" starttime="20231002 17:40:55.158" endtime="20231002 17:40:56.686"/>
</kw>
<kw name="Fechar o navegador" library="kabum_resources" type="TEARDOWN">
<kw name="Close Browser" library="SeleniumLibrary">
<doc>Closes the current browser.</doc>
<status status="PASS" starttime="20231002 17:40:56.687" endtime="20231002 17:40:59.021"/>
</kw>
<status status="PASS" starttime="20231002 17:40:56.687" endtime="20231002 17:40:59.021"/>
</kw>
<doc>Esse teste navega até a subcategoria Acessórios para Cooler
e adiciona um produto no carrinho através do botão Comprar</doc>
<tag>adiciona_produto_comprar</tag>
<status status="PASS" starttime="20231002 17:40:44.539" endtime="20231002 17:40:59.021"/>
</test>
<test id="s1-t5" name="Caso de Teste 05 (Extra) - Adicionar um produto de categoria ao carrinho clicando no produto" line="44">
<kw name="Abrir o navegador" library="kabum_resources" type="SETUP">
<kw name="Open Browser" library="SeleniumLibrary">
<arg>browser=chrome</arg>
<arg>options=add_experimental_option("detach", True)</arg>
<doc>Opens a new browser instance to the optional ``url``.</doc>
<msg timestamp="20231002 17:40:59.023" level="INFO">Opening browser 'chrome' to base url 'None'.</msg>
<status status="PASS" starttime="20231002 17:40:59.023" endtime="20231002 17:41:00.095"/>
</kw>
<kw name="Maximize Browser Window" library="SeleniumLibrary">
<doc>Maximizes current browser window.</doc>
<status status="PASS" starttime="20231002 17:41:00.096" endtime="20231002 17:41:00.228"/>
</kw>
<status status="PASS" starttime="20231002 17:40:59.022" endtime="20231002 17:41:00.228"/>
</kw>
<kw name="Acessar a home page do site Kabum.com.br" library="kabum_resources">
<kw name="Go To" library="SeleniumLibrary">
<arg>url=${URL}</arg>
<doc>Navigates the current browser window to the provided ``url``.</doc>
<msg timestamp="20231002 17:41:00.229" level="INFO">Opening url 'https://kabum.com.br'</msg>
<status status="PASS" starttime="20231002 17:41:00.229" endtime="20231002 17:41:04.289"/>
</kw>
<kw name="Title Should Be" library="SeleniumLibrary">
<arg>title=${TITULO}</arg>
<doc>Verifies that the current page title equals ``title``.</doc>
<msg timestamp="20231002 17:41:04.325" level="INFO">Page title is 'KaBuM! | Maior E-commerce de Tecnologia e Games da América Latina'.</msg>
<status status="PASS" starttime="20231002 17:41:04.289" endtime="20231002 17:41:04.326"/>
</kw>
<status status="PASS" starttime="20231002 17:41:00.228" endtime="20231002 17:41:04.326"/>
</kw>
<kw name="Entrar no menu Departamentos &gt; Hardware &gt; Coolers &gt; Acessórios para Cooler" library="kabum_resources">
<kw name="Mouse Over" library="SeleniumLibrary">
<arg>locator=${MENU_DEPARTAMENTOS}</arg>
<doc>Simulates hovering the mouse over the element ``locator``.</doc>
<msg timestamp="20231002 17:41:04.328" level="INFO">Simulating Mouse Over on element '//span[contains(.,'DEPARTAMENTOS')]'.</msg>
<status status="PASS" starttime="20231002 17:41:04.327" endtime="20231002 17:41:04.681"/>
</kw>
<kw name="Wait Until Element Is Visible" library="SeleniumLibrary">
<arg>locator=${SUBCATEGORIA_HARDWARE}</arg>
<doc>Waits until the element ``locator`` is visible.</doc>
<status status="PASS" starttime="20231002 17:41:04.681" endtime="20231002 17:41:04.714"/>
</kw>
<kw name="Mouse Over" library="SeleniumLibrary">
<arg>locator=${SUBCATEGORIA_HARDWARE}</arg>
<doc>Simulates hovering the mouse over the element ``locator``.</doc>
<msg timestamp="20231002 17:41:04.714" level="INFO">Simulating Mouse Over on element '//a[@href='https://www.kabum.com.br/hardware']'.</msg>
<status status="PASS" starttime="20231002 17:41:04.714" endtime="20231002 17:41:05.022"/>
</kw>
<kw name="Wait Until Element Is Visible" library="SeleniumLibrary">
<arg>locator=${SUBCATEGORIA_COOLERS}</arg>
<doc>Waits until the element ``locator`` is visible.</doc>
<status status="PASS" starttime="20231002 17:41:05.023" endtime="20231002 17:41:05.064"/>
</kw>
<kw name="Mouse Over" library="SeleniumLibrary">
<arg>locator=${SUBCATEGORIA_COOLERS}</arg>
<doc>Simulates hovering the mouse over the element ``locator``.</doc>
<msg timestamp="20231002 17:41:05.065" level="INFO">Simulating Mouse Over on element '//a[@href='https://www.kabum.com.br/hardware/coolers']'.</msg>
<status status="PASS" starttime="20231002 17:41:05.064" endtime="20231002 17:41:05.366"/>
</kw>
<kw name="Wait Until Element Is Visible" library="SeleniumLibrary">
<arg>locator=${SUBCATEGORIA_ACESSO_COOLERS}</arg>
<doc>Waits until the element ``locator`` is visible.</doc>
<status status="PASS" starttime="20231002 17:41:05.366" endtime="20231002 17:41:05.626"/>
</kw>
<kw name="Click Element" library="SeleniumLibrary">
<arg>locator=${SUBCATEGORIA_ACESSO_COOLERS}</arg>
<doc>Click the element identified by ``locator``.</doc>
<msg timestamp="20231002 17:41:05.626" level="INFO">Clicking element '//a[@href='https://www.kabum.com.br/hardware/coolers/acessorios-para-cooler']'.</msg>
<status status="PASS" starttime="20231002 17:41:05.626" endtime="20231002 17:41:07.910"/>
</kw>
<status status="PASS" starttime="20231002 17:41:04.327" endtime="20231002 17:41:07.910"/>
</kw>
<kw name="Clicar no produto" library="kabum_resources">
<kw name="Execute Javascript" library="SeleniumLibrary">
<arg>window.scroll(0,700)</arg>
<doc>Executes the given JavaScript code with possible arguments.</doc>
<msg timestamp="20231002 17:41:07.912" level="INFO">Executing JavaScript:
window.scroll(0,700)
Without any arguments.</msg>
<status status="PASS" starttime="20231002 17:41:07.912" endtime="20231002 17:41:07.924"/>
</kw>
<kw name="Wait Until Element Is Visible" library="SeleniumLibrary">
<arg>locator=${PRODUTO}</arg>
<doc>Waits until the element ``locator`` is visible.</doc>
<status status="PASS" starttime="20231002 17:41:07.925" endtime="20231002 17:41:07.986"/>
</kw>
<kw name="Click Element" library="SeleniumLibrary">
<arg>locator=${PRODUTO}</arg>
<doc>Click the element identified by ``locator``.</doc>
<msg timestamp="20231002 17:41:07.988" level="INFO">Clicking element '//img[contains(@title,'Controlador De Fan Bcf-03 Bluecase - Box Com Controle Remoto')]'.</msg>
<status status="PASS" starttime="20231002 17:41:07.987" endtime="20231002 17:41:10.345"/>
</kw>
<status status="PASS" starttime="20231002 17:41:07.910" endtime="20231002 17:41:10.346"/>
</kw>
<kw name="Validar página do produto" library="kabum_resources">
<kw name="Wait Until Element Is Visible" library="SeleniumLibrary">
<arg>locator=${PAGINA_PRODUTO}</arg>
<doc>Waits until the element ``locator`` is visible.</doc>
<status status="PASS" starttime="20231002 17:41:10.347" endtime="20231002 17:41:10.377"/>
</kw>
<status status="PASS" starttime="20231002 17:41:10.346" endtime="20231002 17:41:10.378"/>
</kw>
<kw name="Clicar no botão comprar" library="kabum_resources">
<kw name="Wait Until Element Is Visible" library="SeleniumLibrary">
<arg>locator=${BOTAO_COMPRAR_PAG_PRODUTO}</arg>
<doc>Waits until the element ``locator`` is visible.</doc>
<status status="PASS" starttime="20231002 17:41:10.378" endtime="20231002 17:41:10.408"/>
</kw>
<kw name="Click Button" library="SeleniumLibrary">
<arg>locator=${BOTAO_COMPRAR_PAG_PRODUTO}</arg>
<doc>Clicks the button identified by ``locator``.</doc>
<msg timestamp="20231002 17:41:10.408" level="INFO">Clicking button '//button[@class='sc-8b813326-0 dqSNwh'][contains(.,'COMPRAR')]'.</msg>
<status status="PASS" starttime="20231002 17:41:10.408" endtime="20231002 17:41:10.544"/>
</kw>
<status status="PASS" starttime="20231002 17:41:10.378" endtime="20231002 17:41:10.544"/>
</kw>
<kw name="Validar produto no carrinho" library="kabum_resources">
<kw name="Wait Until Element Is Visible" library="SeleniumLibrary">
<arg>locator=${MSG_PROD_ADICIONADO}</arg>
<doc>Waits until the element ``locator`` is visible.</doc>
<status status="PASS" starttime="20231002 17:41:10.544" endtime="20231002 17:41:12.002"/>
</kw>
<status status="PASS" starttime="20231002 17:41:10.544" endtime="20231002 17:41:12.002"/>
</kw>
<kw name="Fechar o navegador" library="kabum_resources" type="TEARDOWN">
<kw name="Close Browser" library="SeleniumLibrary">
<doc>Closes the current browser.</doc>
<status status="PASS" starttime="20231002 17:41:12.004" endtime="20231002 17:41:14.313"/>
</kw>
<status status="PASS" starttime="20231002 17:41:12.003" endtime="20231002 17:41:14.313"/>
</kw>
<doc>Esse teste navega até a subcategoria Acessórios para Cooler
e adiciona um produto no carrinho através do botão Comprar</doc>
<tag>adiciona_produto</tag>
<status status="PASS" starttime="20231002 17:40:59.022" endtime="20231002 17:41:14.314"/>
</test>
<doc>Essa suíte testa o site da Kabum.com.br</doc>
<status status="PASS" starttime="20231002 17:40:04.426" endtime="20231002 17:41:14.315"/>
</suite>
<statistics>
<total>
<stat pass="5" fail="0" skip="0">All Tests</stat>
</total>
<tag>
<stat pass="1" fail="0" skip="0">adiciona_produto</stat>
<stat pass="1" fail="0" skip="0">adiciona_produto_carrinho</stat>
<stat pass="1" fail="0" skip="0">adiciona_produto_comprar</stat>
<stat pass="1" fail="0" skip="0">busca_produtos categorias</stat>
<stat pass="1" fail="0" skip="0">logins</stat>
</tag>
<suite>
<stat pass="5" fail="0" skip="0" id="s1" name="Kabum Teste">Kabum Teste</stat>
</suite>
</statistics>
<errors>
</errors>
</robot>
